# JRE version: Java(TM) SE Runtime Environment (8.0_231-b11) (build 1.8.0_231-b11)
# Java VM: Java HotSpot(TM) 64-Bit Server VM (25.231-b11 mixed mode windows-amd64 compressed oops)
Heap:
 PSYoungGen      total 150016K, used 57800K [0x00000000d6180000, 0x00000000e0680000, 0x0000000100000000)
  eden space 131072K, 44% used [0x00000000d6180000,0x00000000d99f2238,0x00000000de180000)
  from space 18944K, 0% used [0x00000000df400000,0x00000000df400000,0x00000000e0680000)
  to   space 18944K, 0% used [0x00000000de180000,0x00000000de180000,0x00000000df400000)
 ParOldGen       total 77824K, used 20842K [0x0000000082400000, 0x0000000087000000, 0x00000000d6180000)
  object space 77824K, 26% used [0x0000000082400000,0x000000008385a860,0x0000000087000000)
 Metaspace       used 23917K, capacity 24752K, committed 25088K, reserved 1071104K
  class space    used 2763K, capacity 2984K, committed 3072K, reserved 1048576K
GC Heap History (10 events):
Event: 0.875 GC heap before
{Heap before GC invocations=3 (full 0):
 PSYoungGen      total 37888K, used 37856K [0x00000000d6180000, 0x00000000dab80000, 0x0000000100000000)
  eden space 32768K, 100% used [0x00000000d6180000,0x00000000d8180000,0x00000000d8180000)
  from space 5120K, 99% used [0x00000000d8680000,0x00000000d8b78030,0x00000000d8b80000)
  to   space 5120K, 0% used [0x00000000d8180000,0x00000000d8180000,0x00000000d8680000)
 ParOldGen       total 86016K, used 7495K [0x0000000082400000, 0x0000000087800000, 0x00000000d6180000)
  object space 86016K, 8% used [0x0000000082400000,0x0000000082b51cd8,0x0000000087800000)
 Metaspace       used 12534K, capacity 12560K, committed 12800K, reserved 1060864K
  class space    used 1259K, capacity 1264K, committed 1280K, reserved 1048576K
Event: 0.881 GC heap after
Heap after GC invocations=3 (full 0):
 PSYoungGen      total 37888K, used 5088K [0x00000000d6180000, 0x00000000dab80000, 0x0000000100000000)
  eden space 32768K, 0% used [0x00000000d6180000,0x00000000d6180000,0x00000000d8180000)
  from space 5120K, 99% used [0x00000000d8180000,0x00000000d8678030,0x00000000d8680000)
  to   space 5120K, 0% used [0x00000000da680000,0x00000000da680000,0x00000000dab80000)
 ParOldGen       total 86016K, used 11231K [0x0000000082400000, 0x0000000087800000, 0x00000000d6180000)
  object space 86016K, 13% used [0x0000000082400000,0x0000000082ef7f58,0x0000000087800000)
 Metaspace       used 12534K, capacity 12560K, committed 12800K, reserved 1060864K
  class space    used 1259K, capacity 1264K, committed 1280K, reserved 1048576K
}
Event: 1.179 GC heap before
{Heap before GC invocations=4 (full 0):
 PSYoungGen      total 37888K, used 37856K [0x00000000d6180000, 0x00000000dab80000, 0x0000000100000000)
  eden space 32768K, 100% used [0x00000000d6180000,0x00000000d8180000,0x00000000d8180000)
  from space 5120K, 99% used [0x00000000d8180000,0x00000000d8678030,0x00000000d8680000)
  to   space 5120K, 0% used [0x00000000da680000,0x00000000da680000,0x00000000dab80000)
 ParOldGen       total 86016K, used 11231K [0x0000000082400000, 0x0000000087800000, 0x00000000d6180000)
  object space 86016K, 13% used [0x0000000082400000,0x0000000082ef7f58,0x0000000087800000)
 Metaspace       used 14183K, capacity 14326K, committed 14592K, reserved 1062912K
  class space    used 1454K, capacity 1489K, committed 1536K, reserved 1048576K
Event: 1.186 GC heap after
Heap after GC invocations=4 (full 0):
 PSYoungGen      total 70656K, used 5088K [0x00000000d6180000, 0x00000000dab80000, 0x0000000100000000)
  eden space 65536K, 0% used [0x00000000d6180000,0x00000000d6180000,0x00000000da180000)
  from space 5120K, 99% used [0x00000000da680000,0x00000000dab78030,0x00000000dab80000)
  to   space 5120K, 0% used [0x00000000da180000,0x00000000da180000,0x00000000da680000)
 ParOldGen       total 86016K, used 15241K [0x0000000082400000, 0x0000000087800000, 0x00000000d6180000)
  object space 86016K, 17% used [0x0000000082400000,0x00000000832e24a8,0x0000000087800000)
 Metaspace       used 14183K, capacity 14326K, committed 14592K, reserved 1062912K
  class space    used 1454K, capacity 1489K, committed 1536K, reserved 1048576K
}
Event: 2.945 GC heap before
{Heap before GC invocations=5 (full 0):
 PSYoungGen      total 70656K, used 70624K [0x00000000d6180000, 0x00000000dab80000, 0x0000000100000000)
  eden space 65536K, 100% used [0x00000000d6180000,0x00000000da180000,0x00000000da180000)
  from space 5120K, 99% used [0x00000000da680000,0x00000000dab78030,0x00000000dab80000)
  to   space 5120K, 0% used [0x00000000da180000,0x00000000da180000,0x00000000da680000)
 ParOldGen       total 86016K, used 15241K [0x0000000082400000, 0x0000000087800000, 0x00000000d6180000)
  object space 86016K, 17% used [0x0000000082400000,0x00000000832e24a8,0x0000000087800000)
 Metaspace       used 20401K, capacity 20784K, committed 20864K, reserved 1067008K
  class space    used 2272K, capacity 2400K, committed 2432K, reserved 1048576K
Event: 2.959 GC heap after
Heap after GC invocations=5 (full 0):
 PSYoungGen      total 70656K, used 5088K [0x00000000d6180000, 0x00000000e0680000, 0x0000000100000000)
  eden space 65536K, 0% used [0x00000000d6180000,0x00000000d6180000,0x00000000da180000)
  from space 5120K, 99% used [0x00000000da180000,0x00000000da678030,0x00000000da680000)
  to   space 18944K, 0% used [0x00000000df400000,0x00000000df400000,0x00000000e0680000)
 ParOldGen       total 86016K, used 31334K [0x0000000082400000, 0x0000000087800000, 0x00000000d6180000)
  object space 86016K, 36% used [0x0000000082400000,0x0000000084299b38,0x0000000087800000)
 Metaspace       used 20401K, capacity 20784K, committed 20864K, reserved 1067008K
  class space    used 2272K, capacity 2400K, committed 2432K, reserved 1048576K
}
Event: 2.997 GC heap before
{Heap before GC invocations=6 (full 0):
 PSYoungGen      total 70656K, used 12957K [0x00000000d6180000, 0x00000000e0680000, 0x0000000100000000)
  eden space 65536K, 12% used [0x00000000d6180000,0x00000000d692f4b0,0x00000000da180000)
  from space 5120K, 99% used [0x00000000da180000,0x00000000da678030,0x00000000da680000)
  to   space 18944K, 0% used [0x00000000df400000,0x00000000df400000,0x00000000e0680000)
 ParOldGen       total 86016K, used 31334K [0x0000000082400000, 0x0000000087800000, 0x00000000d6180000)
  object space 86016K, 36% used [0x0000000082400000,0x0000000084299b38,0x0000000087800000)
 Metaspace       used 20688K, capacity 21058K, committed 21248K, reserved 1069056K
  class space    used 2320K, capacity 2457K, committed 2560K, reserved 1048576K
Event: 3.002 GC heap after
Heap after GC invocations=6 (full 0):
 PSYoungGen      total 150016K, used 6307K [0x00000000d6180000, 0x00000000e0680000, 0x0000000100000000)
  eden space 131072K, 0% used [0x00000000d6180000,0x00000000d6180000,0x00000000de180000)
  from space 18944K, 33% used [0x00000000df400000,0x00000000dfa28c60,0x00000000e0680000)
  to   space 18944K, 0% used [0x00000000de180000,0x00000000de180000,0x00000000df400000)
 ParOldGen       total 86016K, used 31342K [0x0000000082400000, 0x0000000087800000, 0x00000000d6180000)
  object space 86016K, 36% used [0x0000000082400000,0x000000008429bb38,0x0000000087800000)
 Metaspace       used 20688K, capacity 21058K, committed 21248K, reserved 1069056K
  class space    used 2320K, capacity 2457K, committed 2560K, reserved 1048576K
}
Event: 3.002 GC heap before
{Heap before GC invocations=7 (full 1):
 PSYoungGen      total 150016K, used 6307K [0x00000000d6180000, 0x00000000e0680000, 0x0000000100000000)
  eden space 131072K, 0% used [0x00000000d6180000,0x00000000d6180000,0x00000000de180000)
  from space 18944K, 33% used [0x00000000df400000,0x00000000dfa28c60,0x00000000e0680000)
  to   space 18944K, 0% used [0x00000000de180000,0x00000000de180000,0x00000000df400000)
 ParOldGen       total 86016K, used 31342K [0x0000000082400000, 0x0000000087800000, 0x00000000d6180000)
  object space 86016K, 36% used [0x0000000082400000,0x000000008429bb38,0x0000000087800000)
 Metaspace       used 20688K, capacity 21058K, committed 21248K, reserved 1069056K
  class space    used 2320K, capacity 2457K, committed 2560K, reserved 1048576K
Event: 3.051 GC heap after
Heap after GC invocations=7 (full 1):
 PSYoungGen      total 150016K, used 0K [0x00000000d6180000, 0x00000000e0680000, 0x0000000100000000)
  eden space 131072K, 0% used [0x00000000d6180000,0x00000000d6180000,0x00000000de180000)
  from space 18944K, 0% used [0x00000000df400000,0x00000000df400000,0x00000000e0680000)
  to   space 18944K, 0% used [0x00000000de180000,0x00000000de180000,0x00000000df400000)
 ParOldGen       total 77824K, used 20842K [0x0000000082400000, 0x0000000087000000, 0x00000000d6180000)
  object space 77824K, 26% used [0x0000000082400000,0x000000008385a860,0x0000000087000000)
 Metaspace       used 20688K, capacity 21058K, committed 21248K, reserved 1069056K
  class space    used 2320K, capacity 2457K, committed 2560K, reserved 1048576K
}

